# JRE version: Java(TM) SE Runtime Environment (21.0.9+7) (build 21.0.9+7-LTS-338)
# Java VM: Java HotSpot(TM) 64-Bit Server VM (21.0.9+7-LTS-338, mixed mode, sharing, tiered, compressed oops, compressed class ptrs, g1 gc, windows-amd64)
GC Precious Log:
 CardTable entry size: 512
 Card Set container configuration: InlinePtr #cards 5 size 8 Array Of Cards #cards 12 size 40 Howl #buckets 4 coarsen threshold 1843 Howl Bitmap #cards 512 size 80 coarsen threshold 460 Card regions per heap region 1 cards per card region 2048
 CPUs: 4 total, 4 available
 Memory: 8066M
 Large Page Support: Disabled
 NUMA Support: Disabled
 Compressed Oops: Enabled (32-bit)
 Heap Region Size: 1M
 Heap Min Capacity: 8M
 Heap Initial Capacity: 128M
 Heap Max Capacity: 2018M
 Pre-touch: Disabled
 Parallel Workers: 4
 Concurrent Workers: 1
 Concurrent Refinement Workers: 4
 Periodic GC: Disabled
Heap:
 garbage-first heap   total 189440K, used 64429K [0x0000000081e00000, 0x0000000100000000)
  region size 1024K, 12 young (12288K), 3 survivors (3072K)
 Metaspace       used 38632K, committed 39104K, reserved 1114112K
  class space    used 4416K, committed 4608K, reserved 1048576K
GC Heap History (20 events):
Event: 11.082 GC heap before
{Heap before GC invocations=6 (full 0):
 garbage-first heap   total 68608K, used 52428K [0x0000000081e00000, 0x0000000100000000)
  region size 1024K, 40 young (40960K), 8 survivors (8192K)
 Metaspace       used 22760K, committed 23168K, reserved 1114112K
  class space    used 2647K, committed 2816K, reserved 1048576K
}
Event: 11.094 GC heap after
{Heap after GC invocations=7 (full 0):
 garbage-first heap   total 68608K, used 21708K [0x0000000081e00000, 0x0000000100000000)
  region size 1024K, 3 young (3072K), 3 survivors (3072K)
 Metaspace       used 22760K, committed 23168K, reserved 1114112K
  class space    used 2647K, committed 2816K, reserved 1048576K
}
Event: 12.327 GC heap before
{Heap before GC invocations=7 (full 0):
 garbage-first heap   total 83968K, used 82124K [0x0000000081e00000, 0x0000000100000000)
  region size 1024K, 26 young (26624K), 3 survivors (3072K)
 Metaspace       used 25488K, committed 25856K, reserved 1114112K
  class space    used 3013K, committed 3200K, reserved 1048576K
}
Event: 12.332 GC heap after
{Heap after GC invocations=8 (full 0):
 garbage-first heap   total 88064K, used 34848K [0x0000000081e00000, 0x0000000100000000)
  region size 1024K, 4 young (4096K), 4 survivors (4096K)
 Metaspace       used 25488K, committed 25856K, reserved 1114112K
  class space    used 3013K, committed 3200K, reserved 1048576K
}
Event: 12.370 GC heap before
{Heap before GC invocations=8 (full 0):
 garbage-first heap   total 88064K, used 42016K [0x0000000081e00000, 0x0000000100000000)
  region size 1024K, 6 young (6144K), 4 survivors (4096K)
 Metaspace       used 25668K, committed 26112K, reserved 1114112K
  class space    used 3039K, committed 3264K, reserved 1048576K
}
Event: 12.372 GC heap after
{Heap after GC invocations=9 (full 0):
 garbage-first heap   total 88064K, used 41258K [0x0000000081e00000, 0x0000000100000000)
  region size 1024K, 4 young (4096K), 4 survivors (4096K)
 Metaspace       used 25668K, committed 26112K, reserved 1114112K
  class space    used 3039K, committed 3264K, reserved 1048576K
}
Event: 19.991 GC heap before
{Heap before GC invocations=9 (full 0):
 garbage-first heap   total 88064K, used 51498K [0x0000000081e00000, 0x0000000100000000)
  region size 1024K, 13 young (13312K), 4 survivors (4096K)
 Metaspace       used 26888K, committed 27264K, reserved 1114112K
  class space    used 3154K, committed 3328K, reserved 1048576K
}
Event: 19.994 GC heap after
{Heap after GC invocations=10 (full 0):
 garbage-first heap   total 88064K, used 23167K [0x0000000081e00000, 0x0000000100000000)
  region size 1024K, 2 young (2048K), 2 survivors (2048K)
 Metaspace       used 26888K, committed 27264K, reserved 1114112K
  class space    used 3154K, committed 3328K, reserved 1048576K
}
Event: 20.067 GC heap before
{Heap before GC invocations=10 (full 0):
 garbage-first heap   total 88064K, used 43647K [0x0000000081e00000, 0x0000000100000000)
  region size 1024K, 5 young (5120K), 2 survivors (2048K)
 Metaspace       used 27151K, committed 27456K, reserved 1114112K
  class space    used 3187K, committed 3328K, reserved 1048576K
}
Event: 20.069 GC heap after
{Heap after GC invocations=11 (full 0):
 garbage-first heap   total 88064K, used 41529K [0x0000000081e00000, 0x0000000100000000)
  region size 1024K, 2 young (2048K), 2 survivors (2048K)
 Metaspace       used 27151K, committed 27456K, reserved 1114112K
  class space    used 3187K, committed 3328K, reserved 1048576K
}
Event: 22.500 GC heap before
{Heap before GC invocations=12 (full 0):
 garbage-first heap   total 88064K, used 85561K [0x0000000081e00000, 0x0000000100000000)
  region size 1024K, 40 young (40960K), 2 survivors (2048K)
 Metaspace       used 35501K, committed 35904K, reserved 1114112K
  class space    used 4147K, committed 4352K, reserved 1048576K
}
Event: 22.602 GC heap after
{Heap after GC invocations=13 (full 0):
 garbage-first heap   total 94208K, used 28628K [0x0000000081e00000, 0x0000000100000000)
  region size 1024K, 5 young (5120K), 5 survivors (5120K)
 Metaspace       used 35501K, committed 35904K, reserved 1114112K
  class space    used 4147K, committed 4352K, reserved 1048576K
}
Event: 24.921 GC heap before
{Heap before GC invocations=13 (full 0):
 garbage-first heap   total 115712K, used 114644K [0x0000000081e00000, 0x0000000100000000)
  region size 1024K, 42 young (43008K), 5 survivors (5120K)
 Metaspace       used 37703K, committed 38208K, reserved 1114112K
  class space    used 4337K, committed 4544K, reserved 1048576K
}
Event: 25.074 GC heap after
{Heap after GC invocations=14 (full 0):
 garbage-first heap   total 123904K, used 29969K [0x0000000081e00000, 0x0000000100000000)
  region size 1024K, 6 young (6144K), 6 survivors (6144K)
 Metaspace       used 37703K, committed 38208K, reserved 1114112K
  class space    used 4337K, committed 4544K, reserved 1048576K
}
Event: 32.114 GC heap before
{Heap before GC invocations=14 (full 0):
 garbage-first heap   total 123904K, used 106769K [0x0000000081e00000, 0x0000000100000000)
  region size 1024K, 51 young (52224K), 6 survivors (6144K)
 Metaspace       used 38560K, committed 39040K, reserved 1114112K
  class space    used 4415K, committed 4608K, reserved 1048576K
}
Event: 32.125 GC heap after
{Heap after GC invocations=15 (full 0):
 garbage-first heap   total 123904K, used 37945K [0x0000000081e00000, 0x0000000100000000)
  region size 1024K, 3 young (3072K), 3 survivors (3072K)
 Metaspace       used 38560K, committed 39040K, reserved 1114112K
  class space    used 4415K, committed 4608K, reserved 1048576K
}
Event: 32.244 GC heap before
{Heap before GC invocations=15 (full 0):
 garbage-first heap   total 123904K, used 58425K [0x0000000081e00000, 0x0000000100000000)
  region size 1024K, 6 young (6144K), 3 survivors (3072K)
 Metaspace       used 38569K, committed 39040K, reserved 1114112K
  class space    used 4415K, committed 4608K, reserved 1048576K
}
Event: 32.249 GC heap after
{Heap after GC invocations=16 (full 0):
 garbage-first heap   total 123904K, used 31784K [0x0000000081e00000, 0x0000000100000000)
  region size 1024K, 3 young (3072K), 3 survivors (3072K)
 Metaspace       used 38569K, committed 39040K, reserved 1114112K
  class space    used 4415K, committed 4608K, reserved 1048576K
}
Event: 37.225 GC heap before
{Heap before GC invocations=16 (full 0):
 garbage-first heap   total 123904K, used 61480K [0x0000000081e00000, 0x0000000100000000)
  region size 1024K, 9 young (9216K), 3 survivors (3072K)
 Metaspace       used 38583K, committed 39104K, reserved 1114112K
  class space    used 4415K, committed 4608K, reserved 1048576K
}
Event: 37.247 GC heap after
{Heap after GC invocations=17 (full 0):
 garbage-first heap   total 189440K, used 31661K [0x0000000081e00000, 0x0000000100000000)
  region size 1024K, 3 young (3072K), 3 survivors (3072K)
 Metaspace       used 38583K, committed 39104K, reserved 1114112K
  class space    used 4415K, committed 4608K, reserved 1048576K
}

